Arguments: 
  /home/bit/.nvm/versions/node/v12.16.1/bin/node /usr/bin/yarn --verbose

PATH: 
  /home/bit/.opam/default/bin:/home/bit/.nvm/versions/node/v12.16.1/bin:/home/bit/.opam/4.08.0/bin:/home/bit/.asdf/shims:/opt/asdf-vm/bin:/home/bit/perl5/bin:/home/bit/.opam/default/bin:/usr/local/bin:/usr/bin:/bin:/usr/local/sbin:/usr/lib/jvm/default/bin:/usr/bin/site_perl:/usr/bin/vendor_perl:/usr/bin/core_perl:/var/lib/snapd/snap/bin:/home/bit/.npm/npm/bin:/home/bit/.cargo/bin:/home/bit/.local/bin:/home/bit/.gem/ruby/2.6.0/bin:/home/bit/Res/arch/scripts:/home/bit/bin:/home/bit/opt:/home/bit/.antigen/bundles/zsh-users/zsh-completions:/home/bit/.antigen/bundles/lukechilds/zsh-nvm

Yarn version: 
  1.22.4

Node version: 
  12.16.1

Platform: 
  linux x64

Trace: 
  Error: ENOENT: no such file or directory, stat '/home/bit/Code/sonar/wordpress-import/frontend/node_modules/@arso-project/sonar-cli'

npm manifest: 
  {
    "name": "sonar-wordpress-import",
    "private": true,
    "workspaces": [
      "bot",
      "frontend"
    ]
  }

yarn manifest: 
  No manifest

Lockfile: 
  No lockfile
